<?xml version="1.0" encoding="UTF-8"?>
<!-- Generated by org.testng.reporters.JUnitReportReporter -->
<testsuite name="loginPage.LoginPageExample" tests="1" time="4.511" ignored="0" failures="0" timestamp="26 May 2020 02:12:58 GMT" skipped="0" hostname="Kaushik-PC" errors="0">
  <testcase name="loginpage" time="4.511" classname="loginPage.LoginPageExample"/>
</testsuite> <!-- loginPage.LoginPageExample -->
