<?xml version="1.0" encoding="UTF-8"?>
<!-- Generated by org.testng.reporters.JUnitReportReporter -->
<testsuite name="loginPage.LoginPageExample" tests="1" time="1.861" ignored="0" failures="0" timestamp="24 May 2020 13:22:57 GMT" skipped="0" hostname="Kaushik-PC" errors="0">
  <testcase name="loginpage" time="1.861" classname="loginPage.LoginPageExample"/>
</testsuite> <!-- loginPage.LoginPageExample -->
