<?xml version="1.0" encoding="UTF-8"?>
<!-- Generated by org.testng.reporters.JUnitReportReporter -->
<testsuite name="loginPage.LoginPageExample" tests="1" time="2.400" ignored="0" failures="0" timestamp="31 May 2020 07:00:51 GMT" skipped="0" hostname="Kaushik-PC" errors="0">
  <testcase name="loginpage" time="2.400" classname="loginPage.LoginPageExample"/>
</testsuite> <!-- loginPage.LoginPageExample -->
