<?xml version="1.0" encoding="UTF-8"?>
<!-- Generated by org.testng.reporters.JUnitReportReporter -->
<testsuite name="loginPage.LoginPageExample" tests="1" time="3.941" ignored="0" failures="0" timestamp="30 Jun 2020 02:19:02 GMT" skipped="0" hostname="Kaushik-PC" errors="0">
  <testcase name="loginpage" time="3.941" classname="loginPage.LoginPageExample"/>
</testsuite> <!-- loginPage.LoginPageExample -->
